<?xml version="1.0" encoding="UTF-8"?>
<!-- Generated by org.testng.reporters.JUnitReportReporter -->
<testsuite hostname="DESKTOP-2A362MI" failures="0" tests="1" name="com.obsqura.tests.SearchProductTest" time="37.224" errors="0" timestamp="2023-09-09T21:05:17 IST" skipped="0">
  <testcase classname="com.obsqura.tests.SearchProductTest" name="MySearchProductTest" time="37.224"/>
  <system-out/>
</testsuite> <!-- com.obsqura.tests.SearchProductTest -->
